<?xml version="1.0" encoding="UTF-8"?>
<testng-results ignored="3" total="4" passed="0" failed="1" skipped="0">
  <reporter-output>
  </reporter-output>
  <suite started-at="2026-01-14T16:07:48 IST" name="Default suite" finished-at="2026-01-14T16:08:05 IST" duration-ms="16435">
    <groups>
    </groups>
    <test started-at="2026-01-14T16:07:48 IST" name="Default test" finished-at="2026-01-14T16:08:05 IST" duration-ms="16435">
      <class name="WorkingOnTEstNG_testScript.ContactsInfo">
        <test-method is-config="true" signature="beforeSuiteMethod()[pri:0, instance:WorkingOnTEstNG_testScript.ContactsInfo@25be7b63]" started-at="2026-01-14T16:07:48 IST" name="beforeSuiteMethod" finished-at="2026-01-14T16:07:48 IST" duration-ms="12" status="PASS">
          <reporter-output>
          </reporter-output>
        </test-method> <!-- beforeSuiteMethod -->
        <test-method is-config="true" signature="beforeTestMethod()[pri:0, instance:WorkingOnTEstNG_testScript.ContactsInfo@25be7b63]" started-at="2026-01-14T16:07:48 IST" name="beforeTestMethod" finished-at="2026-01-14T16:07:55 IST" duration-ms="7316" status="PASS">
          <reporter-output>
          </reporter-output>
        </test-method> <!-- beforeTestMethod -->
        <test-method is-config="true" signature="beforeClassMethod()[pri:0, instance:WorkingOnTEstNG_testScript.ContactsInfo@25be7b63]" started-at="2026-01-14T16:07:56 IST" name="beforeClassMethod" finished-at="2026-01-14T16:07:56 IST" duration-ms="2" status="PASS">
          <reporter-output>
          </reporter-output>
        </test-method> <!-- beforeClassMethod -->
        <test-method is-config="true" signature="beforeMethod()[pri:0, instance:WorkingOnTEstNG_testScript.ContactsInfo@25be7b63]" started-at="2026-01-14T16:07:56 IST" name="beforeMethod" finished-at="2026-01-14T16:07:56 IST" duration-ms="1" status="PASS">
          <reporter-output>
          </reporter-output>
        </test-method> <!-- beforeMethod -->
        <test-method signature="createContact()[pri:0, instance:WorkingOnTEstNG_testScript.ContactsInfo@25be7b63]" started-at="2026-01-14T16:07:56 IST" name="createContact" finished-at="2026-01-14T16:08:04 IST" duration-ms="8237" status="FAIL">
          <exception class="java.lang.AssertionError">
            <message>
              <![CDATA[The following asserts failed:
expected [contactnumbersss] but found [[ CON27991 ] contactnumbersss - Contact Information]]]>
            </message>
            <full-stacktrace>
              <![CDATA[java.lang.AssertionError: The following asserts failed:
expected [contactnumbersss] but found [[ CON27991 ] contactnumbersss - Contact Information]
at org.testng.asserts.SoftAssert.assertAll(SoftAssert.java:46)
at org.testng.asserts.SoftAssert.assertAll(SoftAssert.java:30)
at WorkingOnTEstNG_testScript.ContactsInfo.createContact(ContactsInfo.java:58)
at java.base/jdk.internal.reflect.DirectMethodHandleAccessor.invoke(DirectMethodHandleAccessor.java:103)
at java.base/java.lang.reflect.Method.invoke(Method.java:580)
at org.testng.internal.invokers.MethodInvocationHelper.invokeMethod(MethodInvocationHelper.java:141)
at org.testng.internal.invokers.TestInvoker.invokeMethod(TestInvoker.java:687)
at org.testng.internal.invokers.TestInvoker.invokeTestMethod(TestInvoker.java:230)
at org.testng.internal.invokers.MethodRunner.runInSequence(MethodRunner.java:63)
at org.testng.internal.invokers.TestInvoker$MethodInvocationAgent.invoke(TestInvoker.java:995)
at org.testng.internal.invokers.TestInvoker.invokeTestMethods(TestInvoker.java:203)
at org.testng.internal.invokers.TestMethodWorker.invokeTestMethods(TestMethodWorker.java:154)
at org.testng.internal.invokers.TestMethodWorker.run(TestMethodWorker.java:134)
at java.base/java.util.ArrayList.forEach(ArrayList.java:1596)
at org.testng.TestRunner.privateRun(TestRunner.java:741)
at org.testng.TestRunner.run(TestRunner.java:616)
at org.testng.SuiteRunner.runTest(SuiteRunner.java:421)
at org.testng.SuiteRunner.runSequentially(SuiteRunner.java:413)
at org.testng.SuiteRunner.privateRun(SuiteRunner.java:373)
at org.testng.SuiteRunner.run(SuiteRunner.java:312)
at org.testng.SuiteRunnerWorker.runSuite(SuiteRunnerWorker.java:52)
at org.testng.SuiteRunnerWorker.run(SuiteRunnerWorker.java:95)
at org.testng.TestNG.runSuitesSequentially(TestNG.java:1274)
at org.testng.TestNG.runSuitesLocally(TestNG.java:1208)
at org.testng.TestNG.runSuites(TestNG.java:1112)
at org.testng.TestNG.run(TestNG.java:1079)
at org.testng.remote.AbstractRemoteTestNG.run(AbstractRemoteTestNG.java:115)
at org.testng.remote.RemoteTestNG.initAndRun(RemoteTestNG.java:293)
at org.testng.remote.RemoteTestNG.main(RemoteTestNG.java:91)
]]>
            </full-stacktrace>
          </exception> <!-- java.lang.AssertionError -->
          <reporter-output>
          </reporter-output>
        </test-method> <!-- createContact -->
        <test-method is-config="true" signature="afterMethod()[pri:0, instance:WorkingOnTEstNG_testScript.ContactsInfo@25be7b63]" started-at="2026-01-14T16:08:04 IST" name="afterMethod" finished-at="2026-01-14T16:08:04 IST" duration-ms="1" status="PASS">
          <reporter-output>
          </reporter-output>
        </test-method> <!-- afterMethod -->
        <test-method is-config="true" signature="afterclassMethod()[pri:0, instance:WorkingOnTEstNG_testScript.ContactsInfo@25be7b63]" started-at="2026-01-14T16:08:04 IST" name="afterclassMethod" finished-at="2026-01-14T16:08:05 IST" duration-ms="528" status="PASS">
          <reporter-output>
          </reporter-output>
        </test-method> <!-- afterclassMethod -->
        <test-method is-config="true" signature="afterTestMethod()[pri:0, instance:WorkingOnTEstNG_testScript.ContactsInfo@25be7b63]" started-at="2026-01-14T16:08:05 IST" name="afterTestMethod" finished-at="2026-01-14T16:08:05 IST" duration-ms="0" status="PASS">
          <reporter-output>
          </reporter-output>
        </test-method> <!-- afterTestMethod -->
        <test-method is-config="true" signature="afterSuiteMethod()[pri:0, instance:WorkingOnTEstNG_testScript.ContactsInfo@25be7b63]" started-at="2026-01-14T16:08:05 IST" name="afterSuiteMethod" finished-at="2026-01-14T16:08:05 IST" duration-ms="2" status="PASS">
          <reporter-output>
          </reporter-output>
        </test-method> <!-- afterSuiteMethod -->
      </class> <!-- WorkingOnTEstNG_testScript.ContactsInfo -->
    </test> <!-- Default test -->
  </suite> <!-- Default suite -->
</testng-results>
